*** Starting uWSGI 2.0.17.1 (64bit) on [Thu Dec 27 11:55:53 2018] ***
compiled with version: 5.4.0 20160609 on 26 December 2018 03:01:39
os: Linux-4.15.0-43-generic #46~16.04.1-Ubuntu SMP Fri Dec 7 13:31:08 UTC 2018
nodename: ubuntu
machine: x86_64
clock source: unix
pcre jit disabled
detected number of CPU cores: 4
current working directory: /home/lang/Desktop/projects/coc
writing pidfile to uwsgi.pid
detected binary path: /home/lang/.virtualenvs/h4/bin/uwsgi
chdir() to /home/lang/Desktop/projects/coc
your processes number limit is 7647
your memory page size is 4096 bytes
detected max file descriptor number: 1024
lock engine: pthread robust mutexes
thunder lock: disabled (you can enable it with --thunder-lock)
uwsgi socket 0 bound to TCP address 192.168.31.211:8000 fd 3
Python version: 2.7.12 (default, Nov 12 2018, 14:36:49)  [GCC 5.4.0 20160609]
Python main interpreter initialized at 0x2528c40
python threads support enabled
your server socket listen backlog is limited to 100 connections
your mercy for graceful operations on workers is 60 seconds
mapped 416720 bytes (406 KB) for 8 cores
*** Operational MODE: preforking+threaded ***
WSGI app 0 (mountpoint='') ready in 1 seconds on interpreter 0x2528c40 pid: 5379 (default app)
*** uWSGI is running in multiple interpreter mode ***
spawned uWSGI master process (pid: 5379)
spawned uWSGI worker 1 (pid: 5383, cores: 2)
spawned uWSGI worker 2 (pid: 5384, cores: 2)
spawned uWSGI worker 3 (pid: 5385, cores: 2)
spawned uWSGI worker 4 (pid: 5386, cores: 2)
[pid: 5383|app: 0|req: 1/1] 192.168.31.211 () {42 vars in 713 bytes} [Thu Dec 27 03:56:14 2018] GET /goto/ => generated 9880 bytes in 1429 msecs (HTTP/1.1 200) 4 headers in 224 bytes (1 switches on core 0)
[pid: 5385|app: 0|req: 1/2] 192.168.31.211 () {40 vars in 690 bytes} [Thu Dec 27 03:56:16 2018] GET /favicon.ico => generated 85 bytes in 59 msecs (HTTP/1.1 404) 2 headers in 80 bytes (1 switches on core 0)
[pid: 5386|app: 0|req: 1/3] 192.168.31.119 () {40 vars in 686 bytes} [Thu Dec 27 03:56:51 2018] GET / => generated 74 bytes in 48 msecs (HTTP/1.1 404) 2 headers in 80 bytes (1 switches on core 0)
[pid: 5384|app: 0|req: 1/4] 192.168.31.119 () {40 vars in 696 bytes} [Thu Dec 27 03:57:24 2018] GET /goto/ => generated 9880 bytes in 64 msecs (HTTP/1.1 200) 4 headers in 224 bytes (1 switches on core 0)
[pid: 5386|app: 0|req: 2/5] 192.168.31.119 () {42 vars in 753 bytes} [Thu Dec 27 03:57:38 2018] GET /goto/ => generated 9880 bytes in 20 msecs (HTTP/1.1 200) 4 headers in 224 bytes (1 switches on core 1)
[pid: 5384|app: 0|req: 2/6] 192.168.31.119 () {50 vars in 947 bytes} [Thu Dec 27 03:57:42 2018] POST /done/ => generated 193 bytes in 3 msecs (HTTP/1.1 200) 2 headers in 88 bytes (1 switches on core 1)
[pid: 5384|app: 0|req: 3/7] 192.168.31.119 () {44 vars in 814 bytes} [Thu Dec 27 03:57:42 2018] GET /goto/V9QG2QP0/ => generated 2087 bytes in 1399 msecs (HTTP/1.1 200) 4 headers in 224 bytes (1 switches on core 1)
[pid: 5386|app: 0|req: 3/8] 192.168.31.119 () {42 vars in 753 bytes} [Thu Dec 27 03:59:02 2018] GET /goto/ => generated 9880 bytes in 1262 msecs (HTTP/1.1 200) 4 headers in 224 bytes (1 switches on core 0)
invalid request block size: 21573 (max 4096)...skip
invalid request block size: 21573 (max 4096)...skip
invalid request block size: 21573 (max 4096)...skip
invalid request block size: 21573 (max 4096)...skip
invalid request block size: 21573 (max 4096)...skip
invalid request block size: 21573 (max 4096)...skip
invalid request block size: 21573 (max 4096)...skip
invalid request block size: 21573 (max 4096)...skip
invalid request block size: 21573 (max 4096)...skip
invalid request block size: 21573 (max 4096)...skip
invalid request block size: 21573 (max 4096)...skip
invalid request block size: 21573 (max 4096)...skip
invalid request block size: 21573 (max 4096)...skip
invalid request block size: 21573 (max 4096)...skip
invalid request block size: 21573 (max 4096)...skip
invalid request block size: 21573 (max 4096)...skip
[pid: 5383|app: 0|req: 2/9] 192.168.31.211 () {42 vars in 713 bytes} [Thu Dec 27 03:59:46 2018] GET /goto/ => generated 9880 bytes in 20 msecs (HTTP/1.1 200) 4 headers in 224 bytes (1 switches on core 1)
SIGINT/SIGQUIT received...killing workers...
worker 1 buried after 1 seconds
worker 2 buried after 1 seconds
worker 3 buried after 1 seconds
worker 4 buried after 1 seconds
goodbye to uWSGI.
